mode: set
book/studentcrud/usecasesmongo/usecases.go:24.75,28.2 1 1
book/studentcrud/usecasesmongo/usecases.go:30.114,32.16 2 1
book/studentcrud/usecasesmongo/usecases.go:32.16,34.3 1 0
book/studentcrud/usecasesmongo/usecases.go:35.2,36.16 2 1
book/studentcrud/usecasesmongo/usecases.go:39.98,41.16 2 1
book/studentcrud/usecasesmongo/usecases.go:41.16,43.3 1 0
book/studentcrud/usecasesmongo/usecases.go:44.2,44.21 1 1
book/studentcrud/usecasesmongo/usecases.go:47.89,49.16 2 1
book/studentcrud/usecasesmongo/usecases.go:49.16,51.3 1 0
book/studentcrud/usecasesmongo/usecases.go:52.2,52.22 1 1
book/studentcrud/usecasesmongo/usecases.go:55.103,58.2 2 1
book/studentcrud/usecasesmongo/usecases.go:60.79,63.2 2 1
