mode: set
book/studentcrud/handlersmongo/handlers.go:23.79,27.2 1 1
book/studentcrud/handlersmongo/handlers.go:29.54,31.51 2 1
book/studentcrud/handlersmongo/handlers.go:31.51,34.3 2 1
book/studentcrud/handlersmongo/handlers.go:36.2,36.75 1 1
book/studentcrud/handlersmongo/handlers.go:36.75,39.3 2 1
book/studentcrud/handlersmongo/handlers.go:41.2,42.16 2 1
book/studentcrud/handlersmongo/handlers.go:42.16,45.3 2 1
book/studentcrud/handlersmongo/handlers.go:47.2,47.45 1 1
book/studentcrud/handlersmongo/handlers.go:50.53,53.16 3 1
book/studentcrud/handlersmongo/handlers.go:53.16,56.3 2 1
book/studentcrud/handlersmongo/handlers.go:58.2,58.32 1 1
book/studentcrud/handlersmongo/handlers.go:61.57,63.16 2 1
book/studentcrud/handlersmongo/handlers.go:63.16,66.3 2 1
book/studentcrud/handlersmongo/handlers.go:68.2,68.33 1 1
book/studentcrud/handlersmongo/handlers.go:71.56,74.51 3 1
book/studentcrud/handlersmongo/handlers.go:74.51,77.3 2 0
book/studentcrud/handlersmongo/handlers.go:79.2,79.75 1 1
book/studentcrud/handlersmongo/handlers.go:79.75,82.3 2 1
book/studentcrud/handlersmongo/handlers.go:84.2,85.16 2 1
book/studentcrud/handlersmongo/handlers.go:85.16,88.3 2 1
book/studentcrud/handlersmongo/handlers.go:90.2,90.73 1 1
book/studentcrud/handlersmongo/handlers.go:93.56,96.16 3 1
book/studentcrud/handlersmongo/handlers.go:96.16,99.3 2 0
book/studentcrud/handlersmongo/handlers.go:101.2,101.73 1 1
